app/build/outputs/logs/manifest-merger-debug-report.txt
-- Merging decision tree log ---
manifest
ADDED from AndroidManifest.xml:1:1
	xmlns:android
		ADDED from AndroidManifest.xml:1:11
	package
		ADDED from AndroidManifest.xml:2:5
		INJECTED from AndroidManifest.xml:0:0
		INJECTED from AndroidManifest.xml:0:0
	android:versionName
		ADDED from AndroidManifest.xml:4:5
	android:versionCode
		ADDED from AndroidManifest.xml:3:5
		INJECTED from AndroidManifest.xml:0:0
		INJECTED from AndroidManifest.xml:0:0
uses-sdk
ADDED from AndroidManifest.xml:6:5
MERGED from org.altbeacon:android-beacon-library:2.7.1:7:5
	android:targetSdkVersion
		ADDED from AndroidManifest.xml:8:9
		INJECTED from AndroidManifest.xml:0:0
		INJECTED from AndroidManifest.xml:0:0
	android:minSdkVersion
		ADDED from AndroidManifest.xml:7:9
		INJECTED from AndroidManifest.xml:0:0
		INJECTED from AndroidManifest.xml:0:0
uses-permission#android.permission.WRITE_EXTERNAL_STORAGE
ADDED from AndroidManifest.xml:10:5
	android:name
		ADDED from AndroidManifest.xml:10:22
uses-permission#android.permission.ACCESS_NETWORK_STATE
ADDED from AndroidManifest.xml:11:5
	android:name
		ADDED from AndroidManifest.xml:11:22
uses-permission#android.permission.ACCESS_WIFI_STATE
ADDED from AndroidManifest.xml:12:5
	android:name
		ADDED from AndroidManifest.xml:12:22
uses-permission#android.permission.CHANGE_WIFI_STATE
ADDED from AndroidManifest.xml:13:5
	android:name
		ADDED from AndroidManifest.xml:13:22
uses-permission#android.permission.INTERNET
ADDED from AndroidManifest.xml:14:5
	android:name
		ADDED from AndroidManifest.xml:14:22
uses-permission#android.permission.BLUETOOTH
ADDED from AndroidManifest.xml:15:5
MERGED from org.altbeacon:android-beacon-library:2.7.1:11:5
	android:name
		ADDED from AndroidManifest.xml:15:22
uses-permission#android.permission.BLUETOOTH_ADMIN
ADDED from AndroidManifest.xml:16:5
MERGED from org.altbeacon:android-beacon-library:2.7.1:12:5
	android:name
		ADDED from AndroidManifest.xml:16:22
application
ADDED from AndroidManifest.xml:18:5
MERGED from org.altbeacon:android-beacon-library:2.7.1:17:5
	android:label
		ADDED from AndroidManifest.xml:20:9
	android:icon
		ADDED from AndroidManifest.xml:19:9
activity#com.mycompany.myfirstindoorsapp.MainActivity
ADDED from AndroidManifest.xml:21:9
	android:label
		ADDED from AndroidManifest.xml:24:13
	android:configChanges
		ADDED from AndroidManifest.xml:23:13
	android:name
		ADDED from AndroidManifest.xml:22:13
intent-filter#android.intent.action.MAIN+android.intent.category.LAUNCHER
ADDED from AndroidManifest.xml:25:13
action#android.intent.action.MAIN
ADDED from AndroidManifest.xml:26:17
	android:name
		ADDED from AndroidManifest.xml:26:25
category#android.intent.category.LAUNCHER
ADDED from AndroidManifest.xml:28:17
	android:name
		ADDED from AndroidManifest.xml:28:27
service#com.customlbs.service.Worker
ADDED from AndroidManifest.xml:32:9
	android:process
		ADDED from AndroidManifest.xml:34:13
	android:name
		ADDED from AndroidManifest.xml:33:13
service#com.customlbs.service.rest.batch.RestBatchService
ADDED from AndroidManifest.xml:36:9
	android:name
		ADDED from AndroidManifest.xml:36:18
receiver#com.customlbs.service.rest.batch.ConnectivityReceiver
ADDED from AndroidManifest.xml:39:9
	android:enabled
		ADDED from AndroidManifest.xml:41:13
	android:name
		ADDED from AndroidManifest.xml:40:13
intent-filter#android.net.conn.CONNECTIVITY_CHANGE
ADDED from AndroidManifest.xml:42:13
action#android.net.conn.CONNECTIVITY_CHANGE
ADDED from AndroidManifest.xml:43:17
	android:name
		ADDED from AndroidManifest.xml:43:25
uses-permission#android.permission.RECEIVE_BOOT_COMPLETED
ADDED from org.altbeacon:android-beacon-library:2.7.1:13:5
	android:name
		ADDED from org.altbeacon:android-beacon-library:2.7.1:13:22
uses-permission-sdk-23
ADDED from org.altbeacon:android-beacon-library:2.7.1:15:5
	android:name
		ADDED from org.altbeacon:android-beacon-library:2.7.1:15:29
receiver#org.altbeacon.beacon.startup.StartupBroadcastReceiver
ADDED from org.altbeacon:android-beacon-library:2.7.1:18:9
	android:name
		ADDED from org.altbeacon:android-beacon-library:2.7.1:18:19
intent-filter#android.intent.action.ACTION_POWER_CONNECTED+android.intent.action.ACTION_POWER_DISCONNECTED+android.intent.action.BOOT_COMPLETED
ADDED from org.altbeacon:android-beacon-library:2.7.1:19:13
action#android.intent.action.BOOT_COMPLETED
ADDED from org.altbeacon:android-beacon-library:2.7.1:20:17
	android:name
		ADDED from org.altbeacon:android-beacon-library:2.7.1:20:25
action#android.intent.action.ACTION_POWER_CONNECTED
ADDED from org.altbeacon:android-beacon-library:2.7.1:21:17
	android:name
		ADDED from org.altbeacon:android-beacon-library:2.7.1:21:25
action#android.intent.action.ACTION_POWER_DISCONNECTED
ADDED from org.altbeacon:android-beacon-library:2.7.1:22:17
	android:name
		ADDED from org.altbeacon:android-beacon-library:2.7.1:22:25
service#org.altbeacon.beacon.service.BeaconService
ADDED from org.altbeacon:android-beacon-library:2.7.1:26:9
	android:label
		ADDED from org.altbeacon:android-beacon-library:2.7.1:31:13
	android:isolatedProcess
		ADDED from org.altbeacon:android-beacon-library:2.7.1:30:13
	android:exported
		ADDED from org.altbeacon:android-beacon-library:2.7.1:29:13
	android:enabled
		ADDED from org.altbeacon:android-beacon-library:2.7.1:28:13
	android:name
		ADDED from org.altbeacon:android-beacon-library:2.7.1:27:13
service#org.altbeacon.beacon.BeaconIntentProcessor
ADDED from org.altbeacon:android-beacon-library:2.7.1:32:9
	android:exported
		ADDED from org.altbeacon:android-beacon-library:2.7.1:35:13
	android:enabled
		ADDED from org.altbeacon:android-beacon-library:2.7.1:34:13
	android:name
		ADDED from org.altbeacon:android-beacon-library:2.7.1:33:13